TN:
SF:backend-app/config.js
FNF:0
FNH:0
DA:1,2
DA:2,2
DA:4,2
LF:3
LH:3
BRF:0
BRH:0
end_of_record
TN:
SF:backend-app/db.js
FNF:0
FNH:0
DA:1,2
DA:2,2
DA:4,2
DA:17,2
LF:4
LH:4
BRF:0
BRH:0
end_of_record
TN:
SF:backend-app/index.js
FN:35,(anonymous_0)
FN:40,(anonymous_1)
FN:48,(anonymous_2)
FNF:3
FNH:1
FNDA:0,(anonymous_0)
FNDA:0,(anonymous_1)
FNDA:1,(anonymous_2)
DA:2,2
DA:3,2
DA:4,2
DA:5,2
DA:8,2
DA:9,2
DA:10,2
DA:11,2
DA:12,2
DA:13,2
DA:16,2
DA:19,2
DA:20,2
DA:21,2
DA:24,2
DA:25,2
DA:26,2
DA:27,2
DA:28,2
DA:29,2
DA:32,2
DA:33,2
DA:35,2
DA:36,0
DA:40,2
DA:41,0
DA:47,2
DA:48,2
DA:49,1
DA:55,2
LF:30
LH:28
BRF:0
BRH:0
end_of_record
TN:
SF:backend-app/controllers/authors.controller.js
FN:5,(anonymous_0)
FN:18,(anonymous_1)
FN:39,(anonymous_2)
FN:55,(anonymous_3)
FN:76,(anonymous_4)
FNF:5
FNH:2
FNDA:2,(anonymous_0)
FNDA:1,(anonymous_1)
FNDA:0,(anonymous_2)
FNDA:0,(anonymous_3)
FNDA:0,(anonymous_4)
DA:1,2
DA:5,2
DA:7,2
DA:8,2
DA:9,2
DA:12,0
DA:18,2
DA:20,1
DA:21,1
DA:22,1
DA:24,1
DA:25,0
DA:30,1
DA:33,0
DA:39,2
DA:41,0
DA:42,0
DA:43,0
DA:46,0
DA:49,0
DA:55,2
DA:57,0
DA:58,0
DA:59,0
DA:61,0
DA:62,0
DA:67,0
DA:70,0
DA:76,2
DA:78,0
DA:79,0
DA:80,0
DA:82,0
DA:85,0
DA:86,0
DA:91,0
DA:94,0
DA:99,2
LF:38
LH:15
BRDA:24,0,0,0
BRDA:24,0,1,1
BRDA:61,1,0,0
BRDA:61,1,1,0
BRDA:85,2,0,0
BRDA:85,2,1,0
BRF:6
BRH:1
end_of_record
TN:
SF:backend-app/controllers/books.controller.js
FN:4,(anonymous_0)
FN:16,(anonymous_1)
FN:37,(anonymous_2)
FN:52,(anonymous_3)
FN:72,(anonymous_4)
FNF:5
FNH:0
FNDA:0,(anonymous_0)
FNDA:0,(anonymous_1)
FNDA:0,(anonymous_2)
FNDA:0,(anonymous_3)
FNDA:0,(anonymous_4)
DA:1,2
DA:4,2
DA:6,0
DA:7,0
DA:8,0
DA:11,0
DA:16,2
DA:18,0
DA:19,0
DA:20,0
DA:22,0
DA:23,0
DA:28,0
DA:31,0
DA:37,2
DA:39,0
DA:40,0
DA:41,0
DA:44,0
DA:47,0
DA:52,2
DA:54,0
DA:55,0
DA:56,0
DA:58,0
DA:59,0
DA:64,0
DA:67,0
DA:72,2
DA:74,0
DA:75,0
DA:76,0
DA:78,0
DA:81,0
DA:82,0
DA:86,0
DA:89,0
DA:94,2
LF:38
LH:7
BRDA:22,0,0,0
BRDA:22,0,1,0
BRDA:58,1,0,0
BRDA:58,1,1,0
BRDA:81,2,0,0
BRDA:81,2,1,0
BRF:6
BRH:0
end_of_record
TN:
SF:backend-app/controllers/categories.controller.js
FN:4,(anonymous_0)
FN:16,(anonymous_1)
FN:37,(anonymous_2)
FN:50,(anonymous_3)
FN:70,(anonymous_4)
FNF:5
FNH:0
FNDA:0,(anonymous_0)
FNDA:0,(anonymous_1)
FNDA:0,(anonymous_2)
FNDA:0,(anonymous_3)
FNDA:0,(anonymous_4)
DA:1,2
DA:4,2
DA:6,0
DA:7,0
DA:8,0
DA:11,0
DA:16,2
DA:18,0
DA:19,0
DA:21,0
DA:23,0
DA:24,0
DA:29,0
DA:32,0
DA:37,2
DA:39,0
DA:40,0
DA:41,0
DA:42,0
DA:45,0
DA:50,2
DA:52,0
DA:53,0
DA:54,0
DA:56,0
DA:57,0
DA:62,0
DA:65,0
DA:70,2
DA:72,0
DA:73,0
DA:74,0
DA:75,0
DA:77,0
DA:78,0
DA:83,0
DA:86,0
DA:90,2
LF:38
LH:7
BRDA:23,0,0,0
BRDA:23,0,1,0
BRDA:56,1,0,0
BRDA:56,1,1,0
BRDA:77,2,0,0
BRDA:77,2,1,0
BRF:6
BRH:0
end_of_record
TN:
SF:backend-app/controllers/editorials.controller.js
FN:4,(anonymous_0)
FN:16,(anonymous_1)
FN:36,(anonymous_2)
FN:50,(anonymous_3)
FN:70,(anonymous_4)
FNF:5
FNH:0
FNDA:0,(anonymous_0)
FNDA:0,(anonymous_1)
FNDA:0,(anonymous_2)
FNDA:0,(anonymous_3)
FNDA:0,(anonymous_4)
DA:1,2
DA:4,2
DA:6,0
DA:7,0
DA:8,0
DA:11,0
DA:16,2
DA:18,0
DA:19,0
DA:20,0
DA:22,0
DA:23,0
DA:28,0
DA:31,0
DA:36,2
DA:38,0
DA:39,0
DA:40,0
DA:42,0
DA:45,0
DA:50,2
DA:52,0
DA:53,0
DA:54,0
DA:56,0
DA:57,0
DA:62,0
DA:65,0
DA:70,2
DA:72,0
DA:73,0
DA:74,0
DA:75,0
DA:77,0
DA:78,0
DA:83,0
DA:86,0
DA:90,2
LF:38
LH:7
BRDA:22,0,0,0
BRDA:22,0,1,0
BRDA:56,1,0,0
BRDA:56,1,1,0
BRDA:77,2,0,0
BRDA:77,2,1,0
BRF:6
BRH:0
end_of_record
TN:
SF:backend-app/controllers/loans.controller.js
FN:4,(anonymous_0)
FN:16,(anonymous_1)
FN:36,(anonymous_2)
FN:50,(anonymous_3)
FNF:4
FNH:0
FNDA:0,(anonymous_0)
FNDA:0,(anonymous_1)
FNDA:0,(anonymous_2)
FNDA:0,(anonymous_3)
DA:1,2
DA:4,2
DA:6,0
DA:7,0
DA:8,0
DA:11,0
DA:16,2
DA:18,0
DA:19,0
DA:20,0
DA:22,0
DA:23,0
DA:28,0
DA:31,0
DA:36,2
DA:38,0
DA:39,0
DA:40,0
DA:42,0
DA:45,0
DA:50,2
DA:52,0
DA:53,0
DA:54,0
DA:56,0
DA:58,0
DA:59,0
DA:64,0
DA:67,0
DA:71,2
LF:30
LH:6
BRDA:22,0,0,0
BRDA:22,0,1,0
BRDA:58,1,0,0
BRDA:58,1,1,0
BRF:4
BRH:0
end_of_record
TN:
SF:backend-app/controllers/users.controller.js
FN:4,(anonymous_0)
FN:16,(anonymous_1)
FN:37,(anonymous_2)
FN:52,(anonymous_3)
FN:72,(anonymous_4)
FNF:5
FNH:0
FNDA:0,(anonymous_0)
FNDA:0,(anonymous_1)
FNDA:0,(anonymous_2)
FNDA:0,(anonymous_3)
FNDA:0,(anonymous_4)
DA:1,2
DA:4,2
DA:6,0
DA:7,0
DA:8,0
DA:11,0
DA:16,2
DA:18,0
DA:19,0
DA:20,0
DA:22,0
DA:23,0
DA:28,0
DA:31,0
DA:37,2
DA:39,0
DA:40,0
DA:41,0
DA:44,0
DA:47,0
DA:52,2
DA:54,0
DA:55,0
DA:56,0
DA:58,0
DA:59,0
DA:64,0
DA:67,0
DA:72,2
DA:74,0
DA:75,0
DA:76,0
DA:78,0
DA:81,0
DA:82,0
DA:86,0
DA:89,0
DA:94,2
LF:38
LH:7
BRDA:22,0,0,0
BRDA:22,0,1,0
BRDA:58,1,0,0
BRDA:58,1,1,0
BRDA:81,2,0,0
BRDA:81,2,1,0
BRF:6
BRH:0
end_of_record
TN:
SF:backend-app/routes/authors.routes.js
FNF:0
FNH:0
DA:1,2
DA:2,2
DA:3,2
DA:4,2
DA:7,2
DA:9,2
DA:11,2
DA:13,2
DA:15,2
DA:17,2
LF:10
LH:10
BRF:0
BRH:0
end_of_record
TN:
SF:backend-app/routes/books.routes.js
FNF:0
FNH:0
DA:1,2
DA:2,2
DA:3,2
DA:4,2
DA:7,2
DA:9,2
DA:11,2
DA:13,2
DA:15,2
DA:17,2
LF:10
LH:10
BRF:0
BRH:0
end_of_record
TN:
SF:backend-app/routes/categories.routes.js
FNF:0
FNH:0
DA:1,2
DA:2,2
DA:3,2
DA:4,2
DA:7,2
DA:9,2
DA:11,2
DA:13,2
DA:15,2
DA:17,2
LF:10
LH:10
BRF:0
BRH:0
end_of_record
TN:
SF:backend-app/routes/editorials.routes.js
FNF:0
FNH:0
DA:1,2
DA:2,2
DA:3,2
DA:4,2
DA:7,2
DA:9,2
DA:11,2
DA:13,2
DA:15,2
DA:18,2
LF:10
LH:10
BRF:0
BRH:0
end_of_record
TN:
SF:backend-app/routes/loans.routes.js
FNF:0
FNH:0
DA:1,2
DA:2,2
DA:3,2
DA:4,2
DA:7,2
DA:9,2
DA:11,2
DA:13,2
DA:16,2
LF:9
LH:9
BRF:0
BRH:0
end_of_record
TN:
SF:backend-app/routes/users.routes.js
FNF:0
FNH:0
DA:1,2
DA:2,2
DA:3,2
DA:4,2
DA:7,2
DA:9,2
DA:11,2
DA:13,2
DA:16,2
LF:9
LH:9
BRF:0
BRH:0
end_of_record
