TN:
SF:backend-app/config.js
FNF:0
FNH:0
DA:1,1
DA:2,1
DA:4,1
LF:3
LH:3
BRF:0
BRH:0
end_of_record
TN:
SF:backend-app/db.js
FNF:0
FNH:0
DA:1,1
DA:2,1
DA:4,1
DA:17,1
LF:4
LH:4
BRF:0
BRH:0
end_of_record
TN:
SF:backend-app/index.js
FN:35,(anonymous_0)
FN:40,(anonymous_1)
FN:48,(anonymous_2)
FNF:3
FNH:1
FNDA:0,(anonymous_0)
FNDA:0,(anonymous_1)
FNDA:1,(anonymous_2)
DA:2,1
DA:3,1
DA:4,1
DA:5,1
DA:8,1
DA:9,1
DA:10,1
DA:11,1
DA:12,1
DA:13,1
DA:16,1
DA:19,1
DA:20,1
DA:21,1
DA:24,1
DA:25,1
DA:26,1
DA:27,1
DA:28,1
DA:29,1
DA:32,1
DA:33,1
DA:35,1
DA:36,0
DA:40,1
DA:41,0
DA:47,1
DA:48,1
DA:49,1
DA:55,1
LF:30
LH:28
BRF:0
BRH:0
end_of_record
TN:
SF:backend-app/controllers/authors.controller.js
FN:5,(anonymous_0)
FN:18,(anonymous_1)
FN:39,(anonymous_2)
FN:55,(anonymous_3)
FN:76,(anonymous_4)
FNF:5
FNH:2
FNDA:1,(anonymous_0)
FNDA:2,(anonymous_1)
FNDA:0,(anonymous_2)
FNDA:0,(anonymous_3)
FNDA:0,(anonymous_4)
DA:1,1
DA:5,1
DA:7,1
DA:8,1
DA:9,1
DA:12,0
DA:18,1
DA:20,2
DA:21,2
DA:22,2
DA:24,2
DA:25,1
DA:30,1
DA:33,0
DA:39,1
DA:41,0
DA:42,0
DA:43,0
DA:46,0
DA:49,0
DA:55,1
DA:57,0
DA:58,0
DA:59,0
DA:61,0
DA:62,0
DA:67,0
DA:70,0
DA:76,1
DA:78,0
DA:79,0
DA:80,0
DA:82,0
DA:85,0
DA:86,0
DA:91,0
DA:94,0
DA:99,1
LF:38
LH:16
BRDA:24,0,0,1
BRDA:24,0,1,1
BRDA:61,1,0,0
BRDA:61,1,1,0
BRDA:85,2,0,0
BRDA:85,2,1,0
BRF:6
BRH:2
end_of_record
TN:
SF:backend-app/controllers/books.controller.js
FN:4,(anonymous_0)
FN:16,(anonymous_1)
FN:37,(anonymous_2)
FN:52,(anonymous_3)
FN:72,(anonymous_4)
FNF:5
FNH:5
FNDA:1,(anonymous_0)
FNDA:2,(anonymous_1)
FNDA:1,(anonymous_2)
FNDA:2,(anonymous_3)
FNDA:1,(anonymous_4)
DA:1,1
DA:4,1
DA:6,1
DA:7,1
DA:8,1
DA:11,0
DA:16,1
DA:18,2
DA:19,2
DA:20,2
DA:22,2
DA:23,1
DA:28,1
DA:31,0
DA:37,1
DA:39,1
DA:40,1
DA:41,1
DA:44,1
DA:47,0
DA:52,1
DA:54,2
DA:55,2
DA:56,2
DA:58,2
DA:59,1
DA:64,1
DA:67,0
DA:72,1
DA:74,1
DA:75,1
DA:76,1
DA:78,1
DA:81,1
DA:82,0
DA:86,1
DA:89,0
DA:94,1
LF:38
LH:32
BRDA:22,0,0,1
BRDA:22,0,1,1
BRDA:58,1,0,1
BRDA:58,1,1,1
BRDA:81,2,0,0
BRDA:81,2,1,1
BRF:6
BRH:5
end_of_record
TN:
SF:backend-app/controllers/categories.controller.js
FN:4,(anonymous_0)
FN:16,(anonymous_1)
FN:37,(anonymous_2)
FN:50,(anonymous_3)
FN:70,(anonymous_4)
FNF:5
FNH:2
FNDA:1,(anonymous_0)
FNDA:2,(anonymous_1)
FNDA:0,(anonymous_2)
FNDA:0,(anonymous_3)
FNDA:0,(anonymous_4)
DA:1,1
DA:4,1
DA:6,1
DA:7,1
DA:8,1
DA:11,0
DA:16,1
DA:18,2
DA:19,2
DA:21,2
DA:23,2
DA:24,1
DA:29,1
DA:32,0
DA:37,1
DA:39,0
DA:40,0
DA:41,0
DA:42,0
DA:45,0
DA:50,1
DA:52,0
DA:53,0
DA:54,0
DA:56,0
DA:57,0
DA:62,0
DA:65,0
DA:70,1
DA:72,0
DA:73,0
DA:74,0
DA:75,0
DA:77,0
DA:78,0
DA:83,0
DA:86,0
DA:90,1
LF:38
LH:16
BRDA:23,0,0,1
BRDA:23,0,1,1
BRDA:56,1,0,0
BRDA:56,1,1,0
BRDA:77,2,0,0
BRDA:77,2,1,0
BRF:6
BRH:2
end_of_record
TN:
SF:backend-app/controllers/editorials.controller.js
FN:4,(anonymous_0)
FN:16,(anonymous_1)
FN:36,(anonymous_2)
FN:50,(anonymous_3)
FN:70,(anonymous_4)
FNF:5
FNH:1
FNDA:1,(anonymous_0)
FNDA:0,(anonymous_1)
FNDA:0,(anonymous_2)
FNDA:0,(anonymous_3)
FNDA:0,(anonymous_4)
DA:1,1
DA:4,1
DA:6,1
DA:7,1
DA:8,1
DA:11,0
DA:16,1
DA:18,0
DA:19,0
DA:20,0
DA:22,0
DA:23,0
DA:28,0
DA:31,0
DA:36,1
DA:38,0
DA:39,0
DA:40,0
DA:42,0
DA:45,0
DA:50,1
DA:52,0
DA:53,0
DA:54,0
DA:56,0
DA:57,0
DA:62,0
DA:65,0
DA:70,1
DA:72,0
DA:73,0
DA:74,0
DA:75,0
DA:77,0
DA:78,0
DA:83,0
DA:86,0
DA:90,1
LF:38
LH:10
BRDA:22,0,0,0
BRDA:22,0,1,0
BRDA:56,1,0,0
BRDA:56,1,1,0
BRDA:77,2,0,0
BRDA:77,2,1,0
BRF:6
BRH:0
end_of_record
TN:
SF:backend-app/controllers/loans.controller.js
FN:4,(anonymous_0)
FN:14,(anonymous_1)
FN:33,(anonymous_2)
FN:48,(anonymous_3)
FNF:4
FNH:2
FNDA:1,(anonymous_0)
FNDA:1,(anonymous_1)
FNDA:0,(anonymous_2)
FNDA:0,(anonymous_3)
DA:1,1
DA:4,1
DA:5,1
DA:6,1
DA:7,1
DA:9,0
DA:14,1
DA:15,1
DA:16,1
DA:17,1
DA:22,1
DA:23,1
DA:26,0
DA:28,0
DA:33,1
DA:34,0
DA:35,0
DA:36,0
DA:41,0
DA:43,0
DA:48,1
DA:49,0
DA:50,0
DA:51,0
DA:53,0
DA:58,0
DA:59,0
DA:62,0
DA:64,0
DA:68,1
LF:30
LH:14
BRDA:22,0,0,1
BRDA:22,0,1,0
BRDA:58,1,0,0
BRDA:58,1,1,0
BRF:4
BRH:1
end_of_record
TN:
SF:backend-app/controllers/users.controller.js
FN:4,(anonymous_0)
FN:14,(anonymous_1)
FN:32,(anonymous_2)
FN:47,(anonymous_3)
FN:63,(anonymous_4)
FNF:5
FNH:2
FNDA:1,(anonymous_0)
FNDA:1,(anonymous_1)
FNDA:0,(anonymous_2)
FNDA:0,(anonymous_3)
FNDA:0,(anonymous_4)
DA:1,1
DA:4,1
DA:5,1
DA:6,1
DA:7,1
DA:9,0
DA:14,1
DA:15,1
DA:16,1
DA:17,1
DA:21,1
DA:22,1
DA:25,0
DA:27,0
DA:32,1
DA:33,0
DA:34,0
DA:35,0
DA:40,0
DA:42,0
DA:47,1
DA:48,0
DA:49,0
DA:50,0
DA:52,0
DA:53,0
DA:56,0
DA:58,0
DA:63,1
DA:64,0
DA:65,0
DA:66,0
DA:68,0
DA:73,0
DA:74,0
DA:76,0
DA:78,0
DA:82,1
LF:38
LH:15
BRDA:21,0,0,1
BRDA:21,0,1,0
BRDA:52,1,0,0
BRDA:52,1,1,0
BRDA:73,2,0,0
BRDA:73,2,1,0
BRF:6
BRH:1
end_of_record
TN:
SF:backend-app/routes/authors.routes.js
FNF:0
FNH:0
DA:1,1
DA:2,1
DA:3,1
DA:4,1
DA:7,1
DA:9,1
DA:11,1
DA:13,1
DA:15,1
DA:17,1
LF:10
LH:10
BRF:0
BRH:0
end_of_record
TN:
SF:backend-app/routes/books.routes.js
FNF:0
FNH:0
DA:1,1
DA:2,1
DA:3,1
DA:4,1
DA:7,1
DA:9,1
DA:11,1
DA:13,1
DA:15,1
DA:17,1
LF:10
LH:10
BRF:0
BRH:0
end_of_record
TN:
SF:backend-app/routes/categories.routes.js
FNF:0
FNH:0
DA:1,1
DA:2,1
DA:3,1
DA:4,1
DA:7,1
DA:9,1
DA:11,1
DA:13,1
DA:15,1
DA:17,1
LF:10
LH:10
BRF:0
BRH:0
end_of_record
TN:
SF:backend-app/routes/editorials.routes.js
FNF:0
FNH:0
DA:1,1
DA:2,1
DA:3,1
DA:4,1
DA:7,1
DA:9,1
DA:11,1
DA:13,1
DA:15,1
DA:18,1
LF:10
LH:10
BRF:0
BRH:0
end_of_record
TN:
SF:backend-app/routes/loans.routes.js
FNF:0
FNH:0
DA:1,1
DA:2,1
DA:8,1
DA:9,1
DA:12,1
DA:14,1
DA:16,1
DA:18,1
DA:20,1
LF:9
LH:9
BRF:0
BRH:0
end_of_record
TN:
SF:backend-app/routes/users.routes.js
FNF:0
FNH:0
DA:1,1
DA:8,1
DA:9,1
DA:10,1
DA:13,1
DA:15,1
DA:17,1
DA:19,1
DA:21,1
LF:9
LH:9
BRF:0
BRH:0
end_of_record
